#
# A fatal error has been detected by the Java Runtime Environment:
#
#  SIGSEGV (0xb) at pc=0x00007fff71df405c, pid=24003, tid=0x0000000000002703
#
# JRE version: Java(TM) SE Runtime Environment (8.0_152-b16) (build 1.8.0_152-b16)
# Java VM: Java HotSpot(TM) 64-Bit Server VM (25.152-b16 mixed mode bsd-amd64 compressed oops)
# Problematic frame:
# C  [libsystem_platform.dylib+0x505c]  _platform_memmove$VARIANT$Haswell+0x13c
#
# Failed to write core dump. Core dumps have been disabled. To enable core dumping, try "ulimit -c unlimited" before starting Java again
#
# If you would like to submit a bug report, please visit:
#   http://bugreport.java.com/bugreport/crash.jsp
# The crash happened outside the Java Virtual Machine in native code.
# See problematic frame for where to report the bug.
#

---------------  T H R E A D  ---------------

Current thread (0x00007f939e002000):  JavaThread "main" [_thread_in_native, id=9987, stack(0x00007000045af000,0x00007000046af000)]

siginfo: si_signo: 11 (SIGSEGV), si_code: 1 (SEGV_MAPERR), si_addr: 0x000000010c3c1000

Registers:
RAX=0x00007f939e89b402, RBX=0x000000010c3c06eb, RCX=0x000000000000001e, RDX=0x00000000000006ea
RSP=0x00007000046ac380, RBP=0x00007000046ac380, RSI=0x000000010c3c0ff7, RDI=0x00007f939e89b4e0
R8 =0x0000000000000000, R9 =0x000000000000800a, R10=0x0000000000000000, R11=0x00007f92924da4e9
R12=0x00000000014b5073, R13=0x0000000054000001, R14=0x0000000014031402, R15=0x0000000000000808
RIP=0x00007fff71df405c, EFLAGS=0x0000000000010202, ERR=0x0000000000000004
  TRAPNO=0x000000000000000e

Top of Stack: (sp=0x00007000046ac380)
0x00007000046ac380:   00007000046ac3f0 000000010bd6605f
0x00007000046ac390:   000000089dd21a90 0000000000000008
0x00007000046ac3a0:   000000000000a000 00007f939e82b000
0x00007000046ac3b0:   0000000000000800 00007f939dd21dc0
0x00007000046ac3c0:   00007f939dd27ca0 00007f939dd21dc0
0x00007000046ac3d0:   00007f939dd21f30 00000000000001a0
0x00007000046ac3e0:   00000000769f9b5c 00007f939dd272e0
0x00007000046ac3f0:   00007000046ac450 000000010bd6652d
0x00007000046ac400:   00007000046ac47d 00007000046ac47c
0x00007000046ac410:   0000000d00000000 0000000e01002000
0x00007000046ac420:   00007000046ac46e 00007000046ac940
0x00007000046ac430:   000000000000000e 00007000046ac46e
0x00007000046ac440:   00007f939dd21dc0 00007f939e0021f8
0x00007000046ac450:   00007000046ac8a0 000000010bd65238
0x00007000046ac460:   00007000046ac4b8 6976000100000001
0x00007000046ac470:   632e70614d2f7765 000000007373616c
0x00007000046ac480:   00000001219284c0 00007000046ac520
0x00007000046ac490:   00007000046ac520 000060000000ffff
0x00007000046ac4a0:   00007000046ac4d0 000000010cedfa3e
0x00007000046ac4b0:   00000001219284c0 00000001219284c0
0x00007000046ac4c0:   00007f932193de30 00007000046ac520
0x00007000046ac4d0:   00007000046ac528 0000000121a2c090
0x00007000046ac4e0:   00007000046ac510 000000010cedf9cd
0x00007000046ac4f0:   0000000121a2c090 00007000046ac590
0x00007000046ac500:   00007000046ac590 000060000000ffff
0x00007000046ac510:   00007000046ac540 0000000121a98d70
0x00007000046ac520:   00007000046ac550 0000000121a2c090
0x00007000046ac530:   00007f939e002000 00007000046ac590
0x00007000046ac540:   00007000046ac570 000000010d253c9c
0x00007000046ac550:   0000000121a2c0b0 0001800000000000
0x00007000046ac560:   00007000046ac590 000060000000ffff
0x00007000046ac570:   00007000046ac600 000000010d2520cb 

Instructions: (pc=0x00007fff71df405c)
0x00007fff71df403c:   40 48 81 ea 80 00 00 00 76 5a 48 f7 c6 1f 00 00
0x00007fff71df404c:   00 74 31 c5 fc 29 0f c5 fc 29 57 20 48 83 c7 40
0x00007fff71df405c:   c5 fc 10 0e c5 fc 10 56 20 48 83 c6 40 48 83 ea
0x00007fff71df406c:   40 77 e0 eb 2f 66 66 66 66 66 66 2e 0f 1f 84 00 

Register to memory mapping:

RAX=0x00007f939e89b402 is an unknown value
RBX=0x000000010c3c06eb is an unknown value
RCX=0x000000000000001e is an unknown value
RDX=0x00000000000006ea is an unknown value
RSP=0x00007000046ac380 is pointing into the stack for thread: 0x00007f939e002000
RBP=0x00007000046ac380 is pointing into the stack for thread: 0x00007f939e002000
RSI=0x000000010c3c0ff7 is an unknown value
RDI=0x00007f939e89b4e0 is an unknown value
R8 =0x0000000000000000 is an unknown value
R9 =0x000000000000800a is an unknown value
R10=0x0000000000000000 is an unknown value
R11=0x00007f92924da4e9 is an unknown value
R12=0x00000000014b5073 is an unknown value
R13=0x0000000054000001 is an unknown value
R14=0x0000000014031402 is an unknown value
R15=0x0000000000000808 is an unknown value


Stack: [0x00007000045af000,0x00007000046af000],  sp=0x00007000046ac380,  free space=1012k
Native frames: (J=compiled Java code, j=interpreted, Vv=VM code, C=native code)
C  [libsystem_platform.dylib+0x505c]  _platform_memmove$VARIANT$Haswell+0x13c
C  [libzip.dylib+0x305f]  newEntry+0x321
C  [libzip.dylib+0x352d]  ZIP_GetEntry2+0xd4
C  [libzip.dylib+0x2238]  Java_java_util_zip_ZipFile_getEntry+0xcf
j  java.util.zip.ZipFile.getEntry(J[BZ)J+0
j  java.util.zip.ZipFile.getEntry(Ljava/lang/String;)Ljava/util/zip/ZipEntry;+38
j  java.util.jar.JarFile.getEntry(Ljava/lang/String;)Ljava/util/zip/ZipEntry;+2
j  java.util.jar.JarFile.getJarEntry(Ljava/lang/String;)Ljava/util/jar/JarEntry;+2
j  sun.misc.URLClassPath$JarLoader.getResource(Ljava/lang/String;Z)Lsun/misc/Resource;+42
j  sun.misc.URLClassPath.getResource(Ljava/lang/String;Z)Lsun/misc/Resource;+62
j  java.net.URLClassLoader$1.run()Ljava/lang/Class;+26
j  java.net.URLClassLoader$1.run()Ljava/lang/Object;+1
v  ~StubRoutines::call_stub
V  [libjvm.dylib+0x2ef7b2]
V  [libjvm.dylib+0x34ff7c]
j  java.security.AccessController.doPrivileged(Ljava/security/PrivilegedExceptionAction;Ljava/security/AccessControlContext;)Ljava/lang/Object;+0
j  java.net.URLClassLoader.findClass(Ljava/lang/String;)Ljava/lang/Class;+13
j  java.lang.ClassLoader.loadClass(Ljava/lang/String;Z)Ljava/lang/Class;+70
j  sun.misc.Launcher$AppClassLoader.loadClass(Ljava/lang/String;Z)Ljava/lang/Class;+81
j  java.lang.ClassLoader.loadClass(Ljava/lang/String;)Ljava/lang/Class;+3
v  ~StubRoutines::call_stub
V  [libjvm.dylib+0x2ef7b2]
V  [libjvm.dylib+0x2eff56]
V  [libjvm.dylib+0x2f00ae]
V  [libjvm.dylib+0x53f546]
V  [libjvm.dylib+0x53ed0e]
V  [libjvm.dylib+0x53f762]
V  [libjvm.dylib+0x53fe15]
V  [libjvm.dylib+0x1e3bb6]
V  [libjvm.dylib+0x1f3e56]
V  [libjvm.dylib+0x2eb1d3]
j  view.Print._neWhero()I+300
j  view.Print._menU()V+73
j  view.Print._menU()V+131
j  Main.main([Ljava/lang/String;)V+28
v  ~StubRoutines::call_stub
V  [libjvm.dylib+0x2ef7b2]
V  [libjvm.dylib+0x326636]
V  [libjvm.dylib+0x31f3ad]
C  [java+0x38d1]  JavaMain+0x9c4
C  [libsystem_pthread.dylib+0x3661]  _pthread_body+0x154
C  [libsystem_pthread.dylib+0x350d]  _pthread_body+0x0
C  [libsystem_pthread.dylib+0x2bf9]  thread_start+0xd
C  0x0000000000000000

Java frames: (J=compiled Java code, j=interpreted, Vv=VM code)
j  java.util.zip.ZipFile.getEntry(J[BZ)J+0
j  java.util.zip.ZipFile.getEntry(Ljava/lang/String;)Ljava/util/zip/ZipEntry;+38
j  java.util.jar.JarFile.getEntry(Ljava/lang/String;)Ljava/util/zip/ZipEntry;+2
j  java.util.jar.JarFile.getJarEntry(Ljava/lang/String;)Ljava/util/jar/JarEntry;+2
j  sun.misc.URLClassPath$JarLoader.getResource(Ljava/lang/String;Z)Lsun/misc/Resource;+42
j  sun.misc.URLClassPath.getResource(Ljava/lang/String;Z)Lsun/misc/Resource;+62
j  java.net.URLClassLoader$1.run()Ljava/lang/Class;+26
j  java.net.URLClassLoader$1.run()Ljava/lang/Object;+1
v  ~StubRoutines::call_stub
j  java.security.AccessController.doPrivileged(Ljava/security/PrivilegedExceptionAction;Ljava/security/AccessControlContext;)Ljava/lang/Object;+0
j  java.net.URLClassLoader.findClass(Ljava/lang/String;)Ljava/lang/Class;+13
j  java.lang.ClassLoader.loadClass(Ljava/lang/String;Z)Ljava/lang/Class;+70
j  sun.misc.Launcher$AppClassLoader.loadClass(Ljava/lang/String;Z)Ljava/lang/Class;+81
j  java.lang.ClassLoader.loadClass(Ljava/lang/String;)Ljava/lang/Class;+3
v  ~StubRoutines::call_stub
j  view.Print._neWhero()I+300
j  view.Print._menU()V+73
j  view.Print._menU()V+131
j  Main.main([Ljava/lang/String;)V+28
v  ~StubRoutines::call_stub

---------------  P R O C E S S  ---------------

Java Threads: ( => current thread )
  0x00007f939f843800 JavaThread "Service Thread" daemon [_thread_blocked, id=15619, stack(0x00007000051d3000,0x00007000052d3000)]
  0x00007f939f000000 JavaThread "C1 CompilerThread2" daemon [_thread_blocked, id=15107, stack(0x00007000050d0000,0x00007000051d0000)]
  0x00007f939f841000 JavaThread "C2 CompilerThread1" daemon [_thread_blocked, id=19203, stack(0x0000700004fcd000,0x00007000050cd000)]
  0x00007f939e813800 JavaThread "C2 CompilerThread0" daemon [_thread_blocked, id=19715, stack(0x0000700004eca000,0x0000700004fca000)]
  0x00007f939e80a800 JavaThread "Signal Dispatcher" daemon [_thread_blocked, id=14599, stack(0x0000700004dc7000,0x0000700004ec7000)]
  0x00007f939f83c800 JavaThread "Finalizer" daemon [_thread_blocked, id=12291, stack(0x0000700004cc4000,0x0000700004dc4000)]
  0x00007f939f839800 JavaThread "Reference Handler" daemon [_thread_blocked, id=21251, stack(0x0000700004bc1000,0x0000700004cc1000)]
=>0x00007f939e002000 JavaThread "main" [_thread_in_native, id=9987, stack(0x00007000045af000,0x00007000046af000)]

Other Threads:
  0x00007f939f835000 VMThread [stack: 0x0000700004abe000,0x0000700004bbe000] [id=11779]
  0x00007f939e81d800 WatcherThread [stack: 0x00007000052d6000,0x00007000053d6000] [id=18691]

VM state:not at safepoint (normal execution)

VM Mutex/Monitor currently owned by a thread: None

Heap:
 PSYoungGen      total 38400K, used 2015K [0x0000000795580000, 0x0000000798000000, 0x00000007c0000000)
  eden space 33280K, 6% used [0x0000000795580000,0x0000000795777f68,0x0000000797600000)
  from space 5120K, 0% used [0x0000000797b00000,0x0000000797b00000,0x0000000798000000)
  to   space 5120K, 0% used [0x0000000797600000,0x0000000797600000,0x0000000797b00000)
 ParOldGen       total 87552K, used 0K [0x0000000740000000, 0x0000000745580000, 0x0000000795580000)
  object space 87552K, 0% used [0x0000000740000000,0x0000000740000000,0x0000000745580000)
 Metaspace       used 3588K, capacity 4604K, committed 4864K, reserved 1056768K
  class space    used 405K, capacity 428K, committed 512K, reserved 1048576K

Card table byte_map: [0x000000011cdac000,0x000000011d1ad000] byte_map_base: 0x00000001193ac000

Marking Bits: (ParMarkBitMap*) 0x000000010d6f66c0
 Begin Bits: [0x000000011d458000, 0x000000011f458000)
 End Bits:   [0x000000011f458000, 0x0000000121458000)

Polling page: 0x000000010bd19000

CodeCache: size=245760Kb used=1268Kb max_used=1268Kb free=244491Kb
 bounds [0x000000010ddac000, 0x000000010e01c000, 0x000000011cdac000]
 total_blobs=342 nmethods=99 adapters=157
 compilation: enabled

Compilation events (10 events):
Event: 7610.531 Thread 0x00007f939f000000   95       3       java.nio.Buffer::position (43 bytes)
Event: 7610.532 Thread 0x00007f939f000000 nmethod 95 0x000000010dee16d0 code [0x000000010dee1840, 0x000000010dee1b08]
Event: 7646.368 Thread 0x00007f939f000000   96       3       java.nio.ByteBuffer::arrayOffset (35 bytes)
Event: 7646.368 Thread 0x00007f939f000000 nmethod 96 0x000000010dee1bd0 code [0x000000010dee1d60, 0x000000010dee2038]
Event: 7646.368 Thread 0x00007f939f000000   97       3       java.nio.CharBuffer::arrayOffset (35 bytes)
Event: 7646.369 Thread 0x00007f939f000000 nmethod 97 0x000000010dee2150 code [0x000000010dee22e0, 0x000000010dee25b8]
Event: 7646.370 Thread 0x00007f939f000000   98       3       java.util.regex.Pattern::closure (477 bytes)
Event: 7646.374 Thread 0x00007f939f000000 nmethod 98 0x000000010dee26d0 code [0x000000010dee2d20, 0x000000010dee6ba8]
Event: 7646.374 Thread 0x00007f939f000000   99       3       java.util.regex.Pattern$Node::study (21 bytes)
Event: 7646.374 Thread 0x00007f939f000000 nmethod 99 0x000000010dee9390 code [0x000000010dee9500, 0x000000010dee9768]

GC Heap History (0 events):
No events

Deoptimization events (0 events):
No events

Classes redefined (0 events):
No events

Internal exceptions (6 events):
Event: 0.038 Thread 0x00007f939e002000 Exception <a 'java/lang/NoSuchMethodError': Method sun.misc.Unsafe.defineClass(Ljava/lang/String;[BII)Ljava/lang/Class; name or signature does not match> (0x0000000795587ca8) thrown at [/Users/java_re/workspace/8-2-build-macosx-x86_64/jdk8u152/9742/hotspo
Event: 0.038 Thread 0x00007f939e002000 Exception <a 'java/lang/NoSuchMethodError': Method sun.misc.Unsafe.prefetchRead(Ljava/lang/Object;J)V name or signature does not match> (0x0000000795587f90) thrown at [/Users/java_re/workspace/8-2-build-macosx-x86_64/jdk8u152/9742/hotspot/src/share/vm/pri
Event: 0.127 Thread 0x00007f939e002000 Exception <a 'java/security/PrivilegedActionException'> (0x00000007956f9d58) thrown at [/Users/java_re/workspace/8-2-build-macosx-x86_64/jdk8u152/9742/hotspot/src/share/vm/prims/jvm.cpp, line 1390]
Event: 0.127 Thread 0x00007f939e002000 Exception <a 'java/security/PrivilegedActionException'> (0x00000007956fa150) thrown at [/Users/java_re/workspace/8-2-build-macosx-x86_64/jdk8u152/9742/hotspot/src/share/vm/prims/jvm.cpp, line 1390]
Event: 0.127 Thread 0x00007f939e002000 Exception <a 'java/security/PrivilegedActionException'> (0x00000007956fd668) thrown at [/Users/java_re/workspace/8-2-build-macosx-x86_64/jdk8u152/9742/hotspot/src/share/vm/prims/jvm.cpp, line 1390]
Event: 0.127 Thread 0x00007f939e002000 Exception <a 'java/security/PrivilegedActionException'> (0x00000007956fda60) thrown at [/Users/java_re/workspace/8-2-build-macosx-x86_64/jdk8u152/9742/hotspot/src/share/vm/prims/jvm.cpp, line 1390]

Events (10 events):
Event: 2.116 loading class model/characters/Hero
Event: 2.116 loading class model/characters/Hero done
Event: 2.117 loading class model/characters/Character
Event: 2.117 loading class model/characters/Character done
Event: 2.117 loading class controller/CharacterController
Event: 2.117 loading class controller/CharacterController done
Event: 4.124 Executing VM operation: EnableBiasedLocking
Event: 4.125 Executing VM operation: EnableBiasedLocking done
Event: 7655.688 loading class view/Map
Event: 7655.688 loading class view/Map done


Dynamic libraries:
0x0000000022101000 	/System/Library/Frameworks/Cocoa.framework/Versions/A/Cocoa
0x0000000022101000 	/System/Library/Frameworks/Security.framework/Versions/A/Security
0x0000000022101000 	/System/Library/Frameworks/ApplicationServices.framework/Versions/A/ApplicationServices
0x0000000022101000 	/usr/lib/libz.1.dylib
0x0000000022101000 	/usr/lib/libSystem.B.dylib
0x0000000022101000 	/usr/lib/libobjc.A.dylib
0x0000000022101000 	/System/Library/Frameworks/CoreFoundation.framework/Versions/A/CoreFoundation
0x0000000022101000 	/System/Library/Frameworks/Foundation.framework/Versions/C/Foundation
0x0000000022101000 	/System/Library/Frameworks/AppKit.framework/Versions/C/AppKit
0x0000000022101000 	/System/Library/Frameworks/CoreData.framework/Versions/A/CoreData
0x0000000022101000 	/System/Library/PrivateFrameworks/RemoteViewServices.framework/Versions/A/RemoteViewServices
0x0000000022101000 	/System/Library/PrivateFrameworks/UIFoundation.framework/Versions/A/UIFoundation
0x0000000022101000 	/System/Library/PrivateFrameworks/DFRFoundation.framework/Versions/A/DFRFoundation
0x0000000022101000 	/System/Library/Frameworks/Metal.framework/Versions/A/Metal
0x0000000022101000 	/System/Library/PrivateFrameworks/DesktopServicesPriv.framework/Versions/A/DesktopServicesPriv
0x0000000022101000 	/usr/lib/libenergytrace.dylib
0x0000000022101000 	/System/Library/PrivateFrameworks/SkyLight.framework/Versions/A/SkyLight
0x0000000022101000 	/System/Library/Frameworks/CoreGraphics.framework/Versions/A/CoreGraphics
0x0000000022101000 	/usr/lib/libScreenReader.dylib
0x0000000022101000 	/System/Library/Frameworks/Accelerate.framework/Versions/A/Accelerate
0x0000000022101000 	/System/Library/Frameworks/IOSurface.framework/Versions/A/IOSurface
0x0000000022101000 	/System/Library/Frameworks/AudioToolbox.framework/Versions/A/AudioToolbox
0x0000000022101000 	/System/Library/Frameworks/AudioUnit.framework/Versions/A/AudioUnit
0x0000000022101000 	/System/Library/PrivateFrameworks/DataDetectorsCore.framework/Versions/A/DataDetectorsCore
0x0000000022101000 	/System/Library/Frameworks/Carbon.framework/Versions/A/Frameworks/HIToolbox.framework/Versions/A/HIToolbox
0x0000000022101000 	/usr/lib/libicucore.A.dylib
0x0000000022101000 	/System/Library/Frameworks/QuartzCore.framework/Versions/A/QuartzCore
0x0000000022101000 	/System/Library/PrivateFrameworks/SignpostNotification.framework/Versions/A/SignpostNotification
0x0000000022101000 	/System/Library/Frameworks/Carbon.framework/Versions/A/Frameworks/SpeechRecognition.framework/Versions/A/SpeechRecognition
0x0000000022101000 	/usr/lib/libauto.dylib
0x0000000022101000 	/usr/lib/libxml2.2.dylib
0x0000000022101000 	/System/Library/PrivateFrameworks/CoreUI.framework/Versions/A/CoreUI
0x0000000022101000 	/System/Library/Frameworks/CoreAudio.framework/Versions/A/CoreAudio
0x0000000022101000 	/System/Library/Frameworks/DiskArbitration.framework/Versions/A/DiskArbitration
0x0000000022101000 	/usr/lib/liblangid.dylib
0x0000000022101000 	/System/Library/PrivateFrameworks/MultitouchSupport.framework/Versions/A/MultitouchSupport
0x0000000022101000 	/System/Library/Frameworks/IOKit.framework/Versions/A/IOKit
0x0000000022101000 	/usr/lib/libDiagnosticMessagesClient.dylib
0x0000000022101000 	/System/Library/Frameworks/CoreServices.framework/Versions/A/CoreServices
0x0000000022101000 	/System/Library/PrivateFrameworks/PerformanceAnalysis.framework/Versions/A/PerformanceAnalysis
0x0000000022101000 	/System/Library/Frameworks/OpenGL.framework/Versions/A/OpenGL
0x0000000022101000 	/System/Library/Frameworks/ColorSync.framework/Versions/A/ColorSync
0x0000000022101000 	/System/Library/Frameworks/CoreImage.framework/Versions/A/CoreImage
0x0000000022101000 	/System/Library/Frameworks/CoreText.framework/Versions/A/CoreText
0x0000000022101000 	/System/Library/Frameworks/ImageIO.framework/Versions/A/ImageIO
0x0000000022101000 	/System/Library/PrivateFrameworks/Backup.framework/Versions/A/Backup
0x0000000022101000 	/usr/lib/libarchive.2.dylib
0x0000000022101000 	/System/Library/Frameworks/CFNetwork.framework/Versions/A/CFNetwork
0x0000000022101000 	/System/Library/Frameworks/SystemConfiguration.framework/Versions/A/SystemConfiguration
0x0000000022101000 	/usr/lib/libCRFSuite.dylib
0x0000000022101000 	/usr/lib/libc++.1.dylib
0x0000000022101000 	/usr/lib/libc++abi.dylib
0x0000000022101000 	/usr/lib/system/libcache.dylib
0x0000000022101000 	/usr/lib/system/libcommonCrypto.dylib
0x0000000022101000 	/usr/lib/system/libcompiler_rt.dylib
0x0000000022101000 	/usr/lib/system/libcopyfile.dylib
0x0000000022101000 	/usr/lib/system/libcorecrypto.dylib
0x0000000022101000 	/usr/lib/system/libdispatch.dylib
0x0000000022101000 	/usr/lib/system/libdyld.dylib
0x0000000022101000 	/usr/lib/system/libkeymgr.dylib
0x0000000022101000 	/usr/lib/system/liblaunch.dylib
0x0000000022101000 	/usr/lib/system/libmacho.dylib
0x0000000022101000 	/usr/lib/system/libquarantine.dylib
0x0000000022101000 	/usr/lib/system/libremovefile.dylib
0x0000000022101000 	/usr/lib/system/libsystem_asl.dylib
0x0000000022101000 	/usr/lib/system/libsystem_blocks.dylib
0x0000000022101000 	/usr/lib/system/libsystem_c.dylib
0x0000000022101000 	/usr/lib/system/libsystem_configuration.dylib
0x0000000022101000 	/usr/lib/system/libsystem_coreservices.dylib
0x0000000022101000 	/usr/lib/system/libsystem_darwin.dylib
0x0000000022101000 	/usr/lib/system/libsystem_dnssd.dylib
0x0000000022101000 	/usr/lib/system/libsystem_info.dylib
0x0000000022101000 	/usr/lib/system/libsystem_m.dylib
0x0000000022101000 	/usr/lib/system/libsystem_malloc.dylib
0x0000000022101000 	/usr/lib/system/libsystem_network.dylib
0x0000000022101000 	/usr/lib/system/libsystem_networkextension.dylib
0x0000000022101000 	/usr/lib/system/libsystem_notify.dylib
0x0000000022101000 	/usr/lib/system/libsystem_sandbox.dylib
0x0000000022101000 	/usr/lib/system/libsystem_secinit.dylib
0x0000000022101000 	/usr/lib/system/libsystem_kernel.dylib
0x0000000022101000 	/usr/lib/system/libsystem_platform.dylib
0x0000000022101000 	/usr/lib/system/libsystem_pthread.dylib
0x0000000022101000 	/usr/lib/system/libsystem_symptoms.dylib
0x0000000022101000 	/usr/lib/system/libsystem_trace.dylib
0x0000000022101000 	/usr/lib/system/libunwind.dylib
0x0000000022101000 	/usr/lib/system/libxpc.dylib
0x0000000022101000 	/usr/lib/closure/libclosured.dylib
0x0000000022101000 	/usr/lib/libbsm.0.dylib
0x0000000022101000 	/usr/lib/system/libkxld.dylib
0x0000000022101000 	/usr/lib/libOpenScriptingUtil.dylib
0x0000000022101000 	/usr/lib/libcoretls.dylib
0x0000000022101000 	/usr/lib/libcoretls_cfhelpers.dylib
0x0000000022101000 	/usr/lib/libpam.2.dylib
0x0000000022101000 	/usr/lib/libsqlite3.dylib
0x0000000022101000 	/usr/lib/libxar.1.dylib
0x0000000022101000 	/usr/lib/libbz2.1.0.dylib
0x0000000022101000 	/usr/lib/liblzma.5.dylib
0x0000000022101000 	/usr/lib/libnetwork.dylib
0x0000000022101000 	/usr/lib/libapple_nghttp2.dylib
0x0000000022101000 	/usr/lib/libpcap.A.dylib
0x0000000022101000 	/usr/lib/libboringssl.dylib
0x0000000022101000 	/usr/lib/libusrtcp.dylib
0x0000000022101000 	/usr/lib/libapple_crypto.dylib
0x0000000022101000 	/System/Library/Frameworks/CoreServices.framework/Versions/A/Frameworks/FSEvents.framework/Versions/A/FSEvents
0x0000000022101000 	/System/Library/Frameworks/CoreServices.framework/Versions/A/Frameworks/CarbonCore.framework/Versions/A/CarbonCore
0x0000000022101000 	/System/Library/Frameworks/CoreServices.framework/Versions/A/Frameworks/Metadata.framework/Versions/A/Metadata
0x0000000022101000 	/System/Library/Frameworks/CoreServices.framework/Versions/A/Frameworks/OSServices.framework/Versions/A/OSServices
0x0000000022101000 	/System/Library/Frameworks/CoreServices.framework/Versions/A/Frameworks/SearchKit.framework/Versions/A/SearchKit
0x0000000022101000 	/System/Library/Frameworks/CoreServices.framework/Versions/A/Frameworks/AE.framework/Versions/A/AE
0x0000000022101000 	/System/Library/Frameworks/CoreServices.framework/Versions/A/Frameworks/LaunchServices.framework/Versions/A/LaunchServices
0x0000000022101000 	/System/Library/Frameworks/CoreServices.framework/Versions/A/Frameworks/DictionaryServices.framework/Versions/A/DictionaryServices
0x0000000022101000 	/System/Library/Frameworks/CoreServices.framework/Versions/A/Frameworks/SharedFileList.framework/Versions/A/SharedFileList
0x0000000022101000 	/System/Library/Frameworks/NetFS.framework/Versions/A/NetFS
0x0000000022101000 	/System/Library/PrivateFrameworks/NetAuth.framework/Versions/A/NetAuth
0x0000000022101000 	/System/Library/PrivateFrameworks/login.framework/Versions/A/Frameworks/loginsupport.framework/Versions/A/loginsupport
0x0000000022101000 	/System/Library/PrivateFrameworks/TCC.framework/Versions/A/TCC
0x0000000022101000 	/usr/lib/libmecabra.dylib
0x0000000022101000 	/System/Library/Frameworks/ApplicationServices.framework/Versions/A/Frameworks/ATS.framework/Versions/A/ATS
0x0000000022101000 	/System/Library/Frameworks/ApplicationServices.framework/Versions/A/Frameworks/ColorSyncLegacy.framework/Versions/A/ColorSyncLegacy
0x0000000022101000 	/System/Library/Frameworks/ApplicationServices.framework/Versions/A/Frameworks/HIServices.framework/Versions/A/HIServices
0x0000000022101000 	/System/Library/Frameworks/ApplicationServices.framework/Versions/A/Frameworks/LangAnalysis.framework/Versions/A/LangAnalysis
0x0000000022101000 	/System/Library/Frameworks/ApplicationServices.framework/Versions/A/Frameworks/PrintCore.framework/Versions/A/PrintCore
0x0000000022101000 	/System/Library/Frameworks/ApplicationServices.framework/Versions/A/Frameworks/QD.framework/Versions/A/QD
0x0000000022101000 	/System/Library/Frameworks/ApplicationServices.framework/Versions/A/Frameworks/SpeechSynthesis.framework/Versions/A/SpeechSynthesis
0x0000000022101000 	/System/Library/Frameworks/CoreDisplay.framework/Versions/A/CoreDisplay
0x0000000022101000 	/System/Library/Frameworks/Accelerate.framework/Versions/A/Frameworks/vImage.framework/Versions/A/vImage
0x0000000022101000 	/System/Library/Frameworks/Accelerate.framework/Versions/A/Frameworks/vecLib.framework/Versions/A/vecLib
0x0000000022101000 	/System/Library/Frameworks/Accelerate.framework/Versions/A/Frameworks/vecLib.framework/Versions/A/libvDSP.dylib
0x0000000022101000 	/System/Library/Frameworks/Accelerate.framework/Versions/A/Frameworks/vecLib.framework/Versions/A/libBNNS.dylib
0x0000000022101000 	/System/Library/Frameworks/Accelerate.framework/Versions/A/Frameworks/vecLib.framework/Versions/A/libQuadrature.dylib
0x0000000022101000 	/System/Library/Frameworks/Accelerate.framework/Versions/A/Frameworks/vecLib.framework/Versions/A/libvMisc.dylib
0x0000000022101000 	/System/Library/Frameworks/Accelerate.framework/Versions/A/Frameworks/vecLib.framework/Versions/A/libLAPACK.dylib
0x0000000022101000 	/System/Library/Frameworks/Accelerate.framework/Versions/A/Frameworks/vecLib.framework/Versions/A/libBLAS.dylib
0x0000000022101000 	/System/Library/Frameworks/Accelerate.framework/Versions/A/Frameworks/vecLib.framework/Versions/A/libLinearAlgebra.dylib
0x0000000022101000 	/System/Library/Frameworks/Accelerate.framework/Versions/A/Frameworks/vecLib.framework/Versions/A/libSparse.dylib
0x0000000022101000 	/System/Library/Frameworks/Accelerate.framework/Versions/A/Frameworks/vecLib.framework/Versions/A/libSparseBLAS.dylib
0x0000000022101000 	/System/Library/PrivateFrameworks/GPUWrangler.framework/Versions/A/GPUWrangler
0x0000000022101000 	/System/Library/PrivateFrameworks/IOAccelerator.framework/Versions/A/IOAccelerator
0x0000000022101000 	/System/Library/PrivateFrameworks/IOPresentment.framework/Versions/A/IOPresentment
0x0000000022101000 	/System/Library/PrivateFrameworks/DSExternalDisplay.framework/Versions/A/DSExternalDisplay
0x0000000022101000 	/System/Library/Frameworks/OpenGL.framework/Versions/A/Libraries/libCoreFSCache.dylib
0x0000000022101000 	/System/Library/Frameworks/CoreVideo.framework/Versions/A/CoreVideo
0x0000000022101000 	/System/Library/PrivateFrameworks/GraphVisualizer.framework/Versions/A/GraphVisualizer
0x0000000022101000 	/System/Library/Frameworks/MetalPerformanceShaders.framework/Versions/A/MetalPerformanceShaders
0x0000000022101000 	/usr/lib/libFosl_dynamic.dylib
0x0000000022101000 	/System/Library/PrivateFrameworks/FaceCore.framework/Versions/A/FaceCore
0x0000000022101000 	/System/Library/Frameworks/OpenCL.framework/Versions/A/OpenCL
0x0000000022101000 	/usr/lib/libcompression.dylib
0x0000000022101000 	/System/Library/Frameworks/ApplicationServices.framework/Versions/A/Frameworks/ATS.framework/Versions/A/Resources/libFontParser.dylib
0x0000000022101000 	/System/Library/Frameworks/ApplicationServices.framework/Versions/A/Frameworks/ATS.framework/Versions/A/Resources/libFontRegistry.dylib
0x0000000022101000 	/System/Library/Frameworks/ImageIO.framework/Versions/A/Resources/libJPEG.dylib
0x0000000022101000 	/System/Library/Frameworks/ImageIO.framework/Versions/A/Resources/libTIFF.dylib
0x0000000022101000 	/System/Library/Frameworks/ImageIO.framework/Versions/A/Resources/libPng.dylib
0x0000000022101000 	/System/Library/Frameworks/ImageIO.framework/Versions/A/Resources/libGIF.dylib
0x0000000022101000 	/System/Library/Frameworks/ImageIO.framework/Versions/A/Resources/libJP2.dylib
0x0000000022101000 	/System/Library/Frameworks/ImageIO.framework/Versions/A/Resources/libRadiance.dylib
0x0000000022101000 	/System/Library/PrivateFrameworks/AppleJPEG.framework/Versions/A/AppleJPEG
0x0000000022101000 	/System/Library/Frameworks/MetalPerformanceShaders.framework/Frameworks/MPSCore.framework/Versions/A/MPSCore
0x0000000022101000 	/System/Library/Frameworks/MetalPerformanceShaders.framework/Frameworks/MPSImage.framework/Versions/A/MPSImage
0x0000000022101000 	/System/Library/Frameworks/MetalPerformanceShaders.framework/Frameworks/MPSNeuralNetwork.framework/Versions/A/MPSNeuralNetwork
0x0000000022101000 	/System/Library/Frameworks/MetalPerformanceShaders.framework/Frameworks/MPSMatrix.framework/Versions/A/MPSMatrix
0x0000000022101000 	/System/Library/PrivateFrameworks/MetalTools.framework/Versions/A/MetalTools
0x0000000022101000 	/System/Library/Frameworks/OpenGL.framework/Versions/A/Libraries/libGLU.dylib
0x0000000022101000 	/System/Library/Frameworks/OpenGL.framework/Versions/A/Libraries/libGFXShared.dylib
0x0000000022101000 	/System/Library/Frameworks/OpenGL.framework/Versions/A/Libraries/libGL.dylib
0x0000000022101000 	/System/Library/Frameworks/OpenGL.framework/Versions/A/Libraries/libGLImage.dylib
0x0000000022101000 	/System/Library/Frameworks/OpenGL.framework/Versions/A/Libraries/libCVMSPluginSupport.dylib
0x0000000022101000 	/System/Library/Frameworks/OpenGL.framework/Versions/A/Libraries/libCoreVMClient.dylib
0x0000000022101000 	/usr/lib/libcups.2.dylib
0x0000000022101000 	/System/Library/Frameworks/Kerberos.framework/Versions/A/Kerberos
0x0000000022101000 	/System/Library/Frameworks/GSS.framework/Versions/A/GSS
0x0000000022101000 	/usr/lib/libresolv.9.dylib
0x0000000022101000 	/usr/lib/libiconv.2.dylib
0x0000000022101000 	/System/Library/PrivateFrameworks/Heimdal.framework/Versions/A/Heimdal
0x0000000022101000 	/usr/lib/libheimdal-asn1.dylib
0x0000000022101000 	/System/Library/Frameworks/OpenDirectory.framework/Versions/A/OpenDirectory
0x0000000022101000 	/System/Library/PrivateFrameworks/CommonAuth.framework/Versions/A/CommonAuth
0x0000000022101000 	/System/Library/Frameworks/OpenDirectory.framework/Versions/A/Frameworks/CFOpenDirectory.framework/Versions/A/CFOpenDirectory
0x0000000022101000 	/System/Library/Frameworks/SecurityFoundation.framework/Versions/A/SecurityFoundation
0x0000000022101000 	/System/Library/PrivateFrameworks/APFS.framework/Versions/A/APFS
0x0000000022101000 	/usr/lib/libutil.dylib
0x0000000022101000 	/System/Library/PrivateFrameworks/AppleSauce.framework/Versions/A/AppleSauce
0x0000000022101000 	/System/Library/PrivateFrameworks/LinguisticData.framework/Versions/A/LinguisticData
0x0000000022101000 	/usr/lib/libmarisa.dylib
0x0000000022101000 	/System/Library/PrivateFrameworks/Lexicon.framework/Versions/A/Lexicon
0x0000000022101000 	/usr/lib/libChineseTokenizer.dylib
0x0000000022101000 	/usr/lib/libcmph.dylib
0x0000000022101000 	/System/Library/PrivateFrameworks/LanguageModeling.framework/Versions/A/LanguageModeling
0x0000000022101000 	/System/Library/PrivateFrameworks/CoreEmoji.framework/Versions/A/CoreEmoji
0x0000000022101000 	/System/Library/Frameworks/ServiceManagement.framework/Versions/A/ServiceManagement
0x0000000022101000 	/System/Library/PrivateFrameworks/BackgroundTaskManagement.framework/Versions/A/BackgroundTaskManagement
0x0000000022101000 	/usr/lib/libxslt.1.dylib
0x0000000022101000 	/System/Library/Frameworks/Carbon.framework/Versions/A/Frameworks/Ink.framework/Versions/A/Ink
0x0000000022101000 	/System/Library/PrivateFrameworks/TextureIO.framework/Versions/A/TextureIO
0x0000000022101000 	/usr/lib/libate.dylib
0x0000000022101000 	/System/Library/PrivateFrameworks/CrashReporterSupport.framework/Versions/A/CrashReporterSupport
0x0000000022101000 	/System/Library/PrivateFrameworks/Sharing.framework/Versions/A/Sharing
0x0000000022101000 	/System/Library/PrivateFrameworks/IconServices.framework/Versions/A/IconServices
0x0000000022101000 	/System/Library/PrivateFrameworks/AuthKit.framework/Versions/A/AuthKit
0x0000000022101000 	/System/Library/PrivateFrameworks/Apple80211.framework/Versions/A/Apple80211
0x0000000022101000 	/System/Library/PrivateFrameworks/CoreUtils.framework/Versions/A/CoreUtils
0x0000000022101000 	/System/Library/Frameworks/CoreWLAN.framework/Versions/A/CoreWLAN
0x0000000022101000 	/System/Library/Frameworks/IOBluetooth.framework/Versions/A/IOBluetooth
0x0000000022101000 	/System/Library/PrivateFrameworks/ProtocolBuffer.framework/Versions/A/ProtocolBuffer
0x0000000022101000 	/System/Library/PrivateFrameworks/MobileKeyBag.framework/Versions/A/MobileKeyBag
0x0000000022101000 	/System/Library/PrivateFrameworks/CorePhoneNumbers.framework/Versions/A/CorePhoneNumbers
0x0000000022101000 	/System/Library/PrivateFrameworks/AppleIDAuthSupport.framework/Versions/A/AppleIDAuthSupport
0x0000000022101000 	/System/Library/PrivateFrameworks/KeychainCircle.framework/Versions/A/KeychainCircle
0x0000000022101000 	/System/Library/PrivateFrameworks/CoreWiFi.framework/Versions/A/CoreWiFi
0x0000000022101000 	/System/Library/Frameworks/CoreBluetooth.framework/Versions/A/CoreBluetooth
0x0000000022101000 	/System/Library/PrivateFrameworks/DebugSymbols.framework/Versions/A/DebugSymbols
0x0000000022101000 	/System/Library/PrivateFrameworks/CoreSymbolication.framework/Versions/A/CoreSymbolication
0x0000000022101000 	/System/Library/PrivateFrameworks/Symbolication.framework/Versions/A/Symbolication
0x0000000022101000 	/System/Library/PrivateFrameworks/AppleFSCompression.framework/Versions/A/AppleFSCompression
0x0000000022101000 	/System/Library/PrivateFrameworks/SpeechRecognitionCore.framework/Versions/A/SpeechRecognitionCore
0x000000010ce00000 	/Library/Java/JavaVirtualMachines/jdk1.8.0_152.jdk/Contents/Home/jre/lib/server/libjvm.dylib
0x0000000022101000 	/usr/lib/libstdc++.6.0.9.dylib
0x000000010bcd5000 	/Library/Java/JavaVirtualMachines/jdk1.8.0_152.jdk/Contents/Home/jre/lib/libverify.dylib
0x000000010bce3000 	/Library/Java/JavaVirtualMachines/jdk1.8.0_152.jdk/Contents/Home/jre/lib/libjava.dylib
0x000000010bd63000 	/Library/Java/JavaVirtualMachines/jdk1.8.0_152.jdk/Contents/Home/jre/lib/libzip.dylib

VM Arguments:
java_command: swingy.jar console hero.txt
java_class_path (initial): swingy.jar
Launcher Type: SUN_STANDARD

Environment Variables:
PATH=/goinfre/zhakonze/.brew/bin:/usr/local/bin:/usr/bin:/bin:/usr/sbin:/sbin:/usr/local/munki
SHELL=/bin/zsh

Signal Handlers:
SIGSEGV: [libjvm.dylib+0x5b494d], sa_mask[0]=11111111011111110111111111111111, sa_flags=SA_ONSTACK|SA_RESTART|SA_SIGINFO
SIGBUS: [libjvm.dylib+0x5b494d], sa_mask[0]=11111111011111110111111111111111, sa_flags=SA_RESTART|SA_SIGINFO
SIGFPE: [libjvm.dylib+0x48ab54], sa_mask[0]=11111111011111110111111111111111, sa_flags=SA_RESTART|SA_SIGINFO
SIGPIPE: [libjvm.dylib+0x48ab54], sa_mask[0]=11111111011111110111111111111111, sa_flags=SA_RESTART|SA_SIGINFO
SIGXFSZ: [libjvm.dylib+0x48ab54], sa_mask[0]=11111111011111110111111111111111, sa_flags=SA_RESTART|SA_SIGINFO
SIGILL: [libjvm.dylib+0x48ab54], sa_mask[0]=11111111011111110111111111111111, sa_flags=SA_RESTART|SA_SIGINFO
SIGUSR1: SIG_DFL, sa_mask[0]=00000000000000000000000000000000, sa_flags=SA_RESTART
SIGUSR2: [libjvm.dylib+0x48a672], sa_mask[0]=00000000000000000000000000000000, sa_flags=SA_RESTART|SA_SIGINFO
SIGHUP: [libjvm.dylib+0x488c49], sa_mask[0]=11111111011111110111111111111111, sa_flags=SA_RESTART|SA_SIGINFO
SIGINT: [libjvm.dylib+0x488c49], sa_mask[0]=11111111011111110111111111111111, sa_flags=SA_RESTART|SA_SIGINFO
SIGTERM: [libjvm.dylib+0x488c49], sa_mask[0]=11111111011111110111111111111111, sa_flags=SA_RESTART|SA_SIGINFO
SIGQUIT: [libjvm.dylib+0x488c49], sa_mask[0]=11111111011111110111111111111111, sa_flags=SA_RESTART|SA_SIGINFO


---------------  S Y S T E M  ---------------

OS:Bsduname:Darwin 17.7.0 Darwin Kernel Version 17.7.0: Thu Jun 21 22:53:14 PDT 2018; root:xnu-4570.71.2~1/RELEASE_X86_64 x86_64
rlimit: STACK 8192k, CORE 0k, NPROC 709, NOFILE 10240, AS infinity
load average:1.95 2.64 2.99

CPU:total 4 (initial active 4) (4 cores per cpu, 1 threads per core) family 6 model 71 stepping 1, cmov, cx8, fxsr, mmx, sse, sse2, sse3, ssse3, sse4.1, sse4.2, popcnt, avx, avx2, aes, clmul, erms, rtm, 3dnowpref, lzcnt, tsc, tscinvbit, bmi1, bmi2, adx

Memory: 4k page, physical 8388608k(16348k free)

/proc/meminfo:


vm_info: Java HotSpot(TM) 64-Bit Server VM (25.152-b16) for bsd-amd64 JRE (1.8.0_152-b16), built on Sep 14 2017 02:31:13 by "java_re" with gcc 4.2.1 (Based on Apple Inc. build 5658) (LLVM build 2336.11.00)

time: Sat Aug  4 12:03:10 2018
elapsed time: 7655 seconds (0d 2h 7m 35s)

